<?xml version="1.0" encoding="UTF-8" ?>
<testsuite errors="0" failures="0" hostname="ine" name="modelo.TesteProduto" skipped="0" tests="5" time="0.052" timestamp="2018-04-19T13:38:38">
  <properties>
    <property name="ant.project.invoked-targets" value="all" />
    <property name="java.runtime.name" value="Java(TM) SE Runtime Environment" />
    <property name="sun.boot.library.path" value="/usr/lib/jvm/java-8-oracle/jre/lib/amd64" />
    <property name="java.vm.version" value="25.151-b12" />
    <property name="ant.library.dir" value="/home/100000000235182/.p2/pool/plugins/org.apache.ant_1.10.1.v20170504-0840/lib" />
    <property name="test.home" value="/home/100000000235182/eclipse-workspace/INE5448-Leilao/tests" />
    <property name="ant.version" value="Apache Ant(TM) version 1.10.1 compiled on February 2 2017" />
    <property name="ant.java.version" value="1.8" />
    <property name="java.vm.vendor" value="Oracle Corporation" />
    <property name="java.vendor.url" value="http://java.oracle.com/" />
    <property name="path.separator" value=":" />
    <property name="java.vm.name" value="Java HotSpot(TM) 64-Bit Server VM" />
    <property name="file.encoding.pkg" value="sun.io" />
    <property name="user.country" value="BR" />
    <property name="sun.java.launcher" value="SUN_STANDARD" />
    <property name="sun.os.patch.level" value="unknown" />
    <property name="java.vm.specification.name" value="Java Virtual Machine Specification" />
    <property name="user.dir" value="/home/100000000235182/eclipse-workspace/INE5448-Leilao/scova" />
    <property name="java.runtime.version" value="1.8.0_151-b12" />
    <property name="java.awt.graphicsenv" value="sun.awt.X11GraphicsEnvironment" />
    <property name="basedir" value="/home/100000000235182/eclipse-workspace/INE5448-Leilao/scova2-master" />
    <property name="java.endorsed.dirs" value="/usr/lib/jvm/java-8-oracle/jre/lib/endorsed" />
    <property name="os.arch" value="amd64" />
    <property name="ant.project.default-target" value="all" />
    <property name="java.io.tmpdir" value="/tmp" />
    <property name="ant.core.lib" value="/home/100000000235182/.p2/pool/plugins/org.apache.ant_1.10.1.v20170504-0840/lib/ant.jar" />
    <property name="line.separator" value="&#xa;" />
    <property name="java.vm.specification.vendor" value="Oracle Corporation" />
    <property name="os.name" value="Linux" />
    <property name="ant.home" value="/home/100000000235182/.p2/pool/plugins/org.apache.ant_1.10.1.v20170504-0840" />
    <property name="project.output.folder" value="/home/100000000235182/eclipse-workspace/INE5448-Leilao/scova" />
    <property name="scova.classpath" value="/home/100000000235182/eclipse-workspace/INE5448-Leilao/scova2-master/deps/asm-debug-all-4.1.jar:/home/100000000235182/eclipse-workspace/INE5448-Leilao/scova2-master/deps/commons-io-2.4.jar:/home/100000000235182/eclipse-workspace/INE5448-Leilao/scova2-master/deps/hamcrest-core-1.3.jar:/home/100000000235182/eclipse-workspace/INE5448-Leilao/scova2-master/deps/json-simple-1.1.1.jar:/home/100000000235182/eclipse-workspace/INE5448-Leilao/scova2-master/deps/junit-4.8.2.jar:/home/100000000235182/eclipse-workspace/INE5448-Leilao/scova2-master/bin" />
    <property name="sun.jnu.encoding" value="UTF-8" />
    <property name="java.library.path" value="/usr/java/packages/lib/amd64:/usr/lib64:/lib64:/lib:/usr/lib" />
    <property name="java.class.version" value="52.0" />
    <property name="java.specification.name" value="Java Platform API Specification" />
    <property name="sun.management.compiler" value="HotSpot 64-Bit Tiered Compilers" />
    <property name="project.output.classpath" value="/home/100000000235182/eclipse-workspace/INE5448-Leilao/scova" />
    <property name="os.version" value="4.10.0-28-generic" />
    <property name="ant.file" value="/home/100000000235182/eclipse-workspace/INE5448-Leilao/scova2-master/build.xml" />
    <property name="user.home" value="/home/100000000235182" />
    <property name="user.timezone" value="" />
    <property name="java.awt.printerjob" value="sun.print.PSPrinterJob" />
    <property name="java.specification.version" value="1.8" />
    <property name="junit.classpath" value="/home/100000000235182/.p2/pool/plugins/org.junit_4.12.0.v201504281640/junit.jar:/home/100000000235182/.p2/pool/plugins/org.hamcrest.core_1.3.0.v201303031735.jar" />
    <property name="file.encoding" value="UTF-8" />
    <property name="project.dir" value="/home/100000000235182/eclipse-workspace/INE5448-Leilao" />
    <property name="project.input.classpath" value="/home/100000000235182/eclipse-workspace/INE5448-Leilao/bin:/home/100000000235182/.p2/pool/plugins/org.junit_4.12.0.v201504281640/junit.jar:/home/100000000235182/.p2/pool/plugins/org.hamcrest.core_1.3.0.v201303031735.jar" />
    <property name="user.name" value="12200658" />
    <property name="java.class.path" value="/home/100000000235182/eclipse-workspace/INE5448-Leilao/scova:/home/100000000235182/eclipse-workspace/INE5448-Leilao/scova2-master/deps/asm-debug-all-4.1.jar:/home/100000000235182/eclipse-workspace/INE5448-Leilao/scova2-master/deps/commons-io-2.4.jar:/home/100000000235182/eclipse-workspace/INE5448-Leilao/scova2-master/deps/hamcrest-core-1.3.jar:/home/100000000235182/eclipse-workspace/INE5448-Leilao/scova2-master/deps/json-simple-1.1.1.jar:/home/100000000235182/eclipse-workspace/INE5448-Leilao/scova2-master/deps/junit-4.8.2.jar:/home/100000000235182/eclipse-workspace/INE5448-Leilao/scova2-master/bin:/home/100000000235182/.p2/pool/plugins/org.apache.ant_1.10.1.v20170504-0840/lib/ant-launcher.jar:/home/100000000235182/.p2/pool/plugins/org.apache.ant_1.10.1.v20170504-0840/lib/ant.jar:/home/100000000235182/.p2/pool/plugins/org.apache.ant_1.10.1.v20170504-0840/lib/ant-junit.jar:/home/100000000235182/.p2/pool/plugins/org.apache.ant_1.10.1.v20170504-0840/lib/ant-junit4.jar" />
    <property name="java.vm.specification.version" value="1.8" />
    <property name="sun.java.command" value="org.apache.tools.ant.taskdefs.optional.junit.JUnitTestRunner modelo.TesteProduto skipNonTests=false filtertrace=true haltOnError=false haltOnFailure=false formatter=org.apache.tools.ant.taskdefs.optional.junit.OutErrSummaryJUnitResultFormatter showoutput=true outputtoformatters=true logfailedtests=true threadid=0 logtestlistenerevents=false formatter=org.apache.tools.ant.taskdefs.optional.junit.XMLJUnitResultFormatter,/home/100000000235182/eclipse-workspace/INE5448-Leilao/scova/TEST-modelo.TesteProduto.xml crashfile=/home/100000000235182/eclipse-workspace/INE5448-Leilao/scova2-master/junitvmwatcher836251767827852282.properties propsfile=/home/100000000235182/eclipse-workspace/INE5448-Leilao/scova2-master/junit1815650843385674869.properties" />
    <property name="sun.arch.data.model" value="64" />
    <property name="java.home" value="/usr/lib/jvm/java-8-oracle/jre" />
    <property name="project.input.folder" value="/home/100000000235182/eclipse-workspace/INE5448-Leilao/bin" />
    <property name="java.specification.vendor" value="Oracle Corporation" />
    <property name="user.language" value="pt" />
    <property name="awt.toolkit" value="sun.awt.X11.XToolkit" />
    <property name="java.vm.info" value="mixed mode" />
    <property name="java.version" value="1.8.0_151" />
    <property name="java.ext.dirs" value="/usr/lib/jvm/java-8-oracle/jre/lib/ext:/usr/java/packages/lib/ext" />
    <property name="sun.boot.class.path" value="/usr/lib/jvm/java-8-oracle/jre/lib/resources.jar:/usr/lib/jvm/java-8-oracle/jre/lib/rt.jar:/usr/lib/jvm/java-8-oracle/jre/lib/sunrsasign.jar:/usr/lib/jvm/java-8-oracle/jre/lib/jsse.jar:/usr/lib/jvm/java-8-oracle/jre/lib/jce.jar:/usr/lib/jvm/java-8-oracle/jre/lib/charsets.jar:/usr/lib/jvm/java-8-oracle/jre/lib/jfr.jar:/usr/lib/jvm/java-8-oracle/jre/classes" />
    <property name="java.vendor" value="Oracle Corporation" />
    <property name="file.separator" value="/" />
    <property name="java.vendor.url.bug" value="http://bugreport.sun.com/bugreport/" />
    <property name="sun.cpu.endian" value="little" />
    <property name="sun.io.unicode.encoding" value="UnicodeLittle" />
    <property name="sun.desktop" value="gnome" />
    <property name="sun.cpu.isalist" value="" />
  </properties>
  <testcase classname="modelo.TesteProduto" name="TesteMercadoComUmProdutoDoJoao" time="0.01" />
  <testcase classname="modelo.TesteProduto" name="testeLancesdoUsuario" time="0.002" />
  <testcase classname="modelo.TesteProduto" name="testeSemLances" time="0.001" />
  <testcase classname="modelo.TesteProduto" name="testeLanceUsuarioErrado" time="0.001" />
  <testcase classname="modelo.TesteProduto" name="testeDoisLances" time="0.002" />
  <system-out><![CDATA[--------------------------------------
Begin test capture for : modelo/TesteProduto.TesteMercadoComUmProdutoDoJoao()V
State Coverage Report for modelo/TesteProduto.TesteMercadoComUmProdutoDoJoao()V
Modified states: 21 [ "modelo/Produto.lanceMinimo", "modelo/TesteProduto.descricaoProduto", "modelo/TesteProduto.valorMinimoProduto", "modelo/Produto.dataLimite", "modelo/Usuario.bensOfertados", "modelo/Produto.descricao", "modelo/Usuario.cpf", "modelo/Usuario.nome", "modelo/Produto.leiloador", "modelo/TesteProduto.enderecoUsuario", "modelo/Usuario.endereco", "modelo/TesteProduto.emailUsuario", "modelo/Produto.lancesEfetuados", "modelo/Usuario.email", "modelo/TesteProduto.nomeUsuario", "modelo/Usuario.bensComprados", "modelo/TesteProduto.dataLimiteProduto", "modelo/TesteProduto.cpfLeiloadorProduto", "modelo/Produto.nome", "modelo/TesteProduto.nomeProduto", "modelo/MercadoLeilao.produtosEmLeilao" ]
Covered states: 2 [ "modelo/TesteProduto.mercado", "modelo/TesteProduto.cpfLeiloadorProduto" ]
State Coverage: 0.047619047619047616
End test capture for : modelo/TesteProduto.TesteMercadoComUmProdutoDoJoao()V
--------------------------------------
--------------------------------------
Begin test capture for : modelo/TesteProduto.testeLancesdoUsuario()V
State Coverage Report for modelo/TesteProduto.testeLancesdoUsuario()V
Modified states: 24 [ "modelo/Produto.lanceMinimo", "modelo/TesteProduto.descricaoProduto", "modelo/TesteProduto.valorMinimoProduto", "modelo/Produto.dataLimite", "modelo/Usuario.bensOfertados", "modelo/Produto.descricao", "modelo/Lance.valorDoLance", "modelo/Lance.produtoQueRecebeuOLance", "modelo/Usuario.cpf", "modelo/Usuario.nome", "modelo/Produto.leiloador", "modelo/TesteProduto.enderecoUsuario", "modelo/Usuario.endereco", "modelo/TesteProduto.emailUsuario", "modelo/Produto.lancesEfetuados", "modelo/Usuario.email", "modelo/TesteProduto.nomeUsuario", "modelo/Usuario.bensComprados", "modelo/TesteProduto.dataLimiteProduto", "modelo/TesteProduto.cpfLeiloadorProduto", "modelo/Produto.nome", "modelo/TesteProduto.nomeProduto", "modelo/Lance.donoDoLance", "modelo/MercadoLeilao.produtosEmLeilao" ]
Covered states: 4 [ "modelo/Produto.lancesEfetuados", "modelo/TesteProduto.mercado", "modelo/Usuario.cpf", "modelo/Lance.donoDoLance" ]
State Coverage: 0.125
End test capture for : modelo/TesteProduto.testeLancesdoUsuario()V
--------------------------------------
--------------------------------------
Begin test capture for : modelo/TesteProduto.testeSemLances()V
State Coverage Report for modelo/TesteProduto.testeSemLances()V
Modified states: 17 [ "modelo/Produto.lanceMinimo", "modelo/Produto.dataLimite", "modelo/Usuario.bensOfertados", "modelo/Produto.descricao", "modelo/Usuario.cpf", "modelo/Usuario.nome", "modelo/Produto.leiloador", "modelo/TesteProduto.enderecoUsuario", "modelo/Usuario.endereco", "modelo/TesteProduto.emailUsuario", "modelo/Produto.lancesEfetuados", "modelo/Usuario.email", "modelo/TesteProduto.nomeUsuario", "modelo/Usuario.bensComprados", "modelo/TesteProduto.cpfLeiloadorProduto", "modelo/Produto.nome", "modelo/MercadoLeilao.produtosEmLeilao" ]
Covered states: 2 [ "modelo/Produto.lancesEfetuados", "modelo/TesteProduto.mercado" ]
State Coverage: 0.058823529411764705
End test capture for : modelo/TesteProduto.testeSemLances()V
--------------------------------------
--------------------------------------
Begin test capture for : modelo/TesteProduto.testeLanceUsuarioErrado()V
State Coverage Report for modelo/TesteProduto.testeLanceUsuarioErrado()V
Modified states: 16 [ "modelo/Produto.lanceMinimo", "modelo/Produto.dataLimite", "modelo/Usuario.bensOfertados", "modelo/Produto.descricao", "modelo/Lance.valorDoLance", "modelo/Lance.produtoQueRecebeuOLance", "modelo/Usuario.cpf", "modelo/Usuario.nome", "modelo/Produto.leiloador", "modelo/Usuario.endereco", "modelo/Produto.lancesEfetuados", "modelo/Usuario.email", "modelo/Usuario.bensComprados", "modelo/Produto.nome", "modelo/Lance.donoDoLance", "modelo/MercadoLeilao.produtosEmLeilao" ]
Covered states: 4 [ "modelo/Produto.lancesEfetuados", "modelo/TesteProduto.mercado", "modelo/Usuario.cpf", "modelo/Lance.donoDoLance" ]
State Coverage: 0.1875
End test capture for : modelo/TesteProduto.testeLanceUsuarioErrado()V
--------------------------------------
--------------------------------------
Begin test capture for : modelo/TesteProduto.testeDoisLances()V
State Coverage Report for modelo/TesteProduto.testeDoisLances()V
Modified states: 16 [ "modelo/Produto.lanceMinimo", "modelo/Produto.dataLimite", "modelo/Usuario.bensOfertados", "modelo/Produto.descricao", "modelo/Lance.valorDoLance", "modelo/Lance.produtoQueRecebeuOLance", "modelo/Usuario.cpf", "modelo/Usuario.nome", "modelo/Produto.leiloador", "modelo/Usuario.endereco", "modelo/Produto.lancesEfetuados", "modelo/Usuario.email", "modelo/Usuario.bensComprados", "modelo/Produto.nome", "modelo/Lance.donoDoLance", "modelo/MercadoLeilao.produtosEmLeilao" ]
Covered states: 4 [ "modelo/Produto.lancesEfetuados", "modelo/TesteProduto.mercado", "modelo/Usuario.cpf", "modelo/Lance.donoDoLance" ]
State Coverage: 0.1875
End test capture for : modelo/TesteProduto.testeDoisLances()V
--------------------------------------
]]></system-out>
  <system-err><![CDATA[]]></system-err>
</testsuite>
